<?xml version="1.0"?>
<testsuites>
  <testsuite name="PhantomJS 1.9.8 (Mac OS X)" package="" timestamp="2015-05-28T15:48:00" id="0" hostname="Myros-MacBook-Pro.local" tests="6" errors="0" failures="0" time="0.002">
    <properties>
      <property name="browser.fullName" value="Mozilla/5.0 (Macintosh; Intel Mac OS X) AppleWebKit/534.34 (KHTML, like Gecko) PhantomJS/1.9.8 Safari/534.34"/>
    </properties>
    <testcase name="Is false, false" time="0.002" classname="PhantomJS 1.9.8 (Mac OS X).Check some false values"/>
    <testcase name="Is false not true" time="0" classname="PhantomJS 1.9.8 (Mac OS X).Check some false values"/>
    <testcase name="Is false, falsy" time="0" classname="PhantomJS 1.9.8 (Mac OS X).Check some false values"/>
    <testcase name="Is true, true" time="0" classname="PhantomJS 1.9.8 (Mac OS X).Check some true values"/>
    <testcase name="Is true not false" time="0" classname="PhantomJS 1.9.8 (Mac OS X).Check some true values"/>
    <testcase name="Is true, truthy" time="0" classname="PhantomJS 1.9.8 (Mac OS X).Check some true values"/>
    <system-out><![CDATA[
]]></system-out>
    <system-err/>
  </testsuite>
  <testsuite name="Chrome 43.0.2357 (Mac OS X 10.10.3)" package="" timestamp="2015-05-28T15:48:00" id="0" hostname="Myros-MacBook-Pro.local" tests="6" errors="0" failures="0" time="0.004">
    <properties>
      <property name="browser.fullName" value="Mozilla/5.0 (Macintosh; Intel Mac OS X 10_10_3) AppleWebKit/537.36 (KHTML, like Gecko) Chrome/43.0.2357.81 Safari/537.36"/>
    </properties>
    <testcase name="Is false, false" time="0.003" classname="Chrome 43.0.2357 (Mac OS X 10.10.3).Check some false values"/>
    <testcase name="Is false not true" time="0.001" classname="Chrome 43.0.2357 (Mac OS X 10.10.3).Check some false values"/>
    <testcase name="Is false, falsy" time="0" classname="Chrome 43.0.2357 (Mac OS X 10.10.3).Check some false values"/>
    <testcase name="Is true, true" time="0" classname="Chrome 43.0.2357 (Mac OS X 10.10.3).Check some true values"/>
    <testcase name="Is true not false" time="0" classname="Chrome 43.0.2357 (Mac OS X 10.10.3).Check some true values"/>
    <testcase name="Is true, truthy" time="0" classname="Chrome 43.0.2357 (Mac OS X 10.10.3).Check some true values"/>
    <system-out><![CDATA[
]]></system-out>
    <system-err/>
  </testsuite>
</testsuites>
